-------------------XML-----------------------
<Transaction xmlns="http://www.opengis.net/wfs" service="WFS" version="1.1.0" xsi:schemaLocation="http://www.opengis.net/wfs http://schemas.opengis.net/wfs/1.1.0/wfs.xsd" xmlns:xsi="http://www.w3.org/2001/XMLSchema-instance"><Delete typeName="feature:wfs" xmlns:feature="sid1.gg"><Filter xmlns="http://www.opengis.net/ogc"><FeatureId fid="wfs.183"/></Filter></Delete></Transaction>---------------------------------------------
* About to connect() to localhost port 8080 (#0)
*   Trying 127.0.0.1... * connected
* Server auth using Basic with user 'geoadmin'
> POST /geoserver/wfs HTTP/1.1
Authorization: Basic Z2VvYWRtaW46aXRhaXB1LjEyMw==
Host: localhost:8080
Accept: */*
Content-type: application/xml
Content-Length: 381

* upload completely sent off: 381out of 381 bytes
< HTTP/1.1 200 OK
< Content-Type: text/xml
< Content-Disposition: inline; filename=geoserver-Transaction.text
< Transfer-Encoding: chunked
< Server: Jetty(6.1.8)
< 
* Connection #0 to host localhost left intact
# Unsuccessful cURL request to http://localhost:8080/geoserver/wfs [200]
<?xml version="1.0" encoding="UTF-8"?><wfs:TransactionResponse xmlns:ogc="http://www.opengis.net/ogc" xmlns:sid1.gg="sid1.gg" xmlns:wfs="http://www.opengis.net/wfs" xmlns:outro="outro" xmlns:ows="http://www.opengis.net/ows" xmlns:xlink="http://www.w3.org/1999/xlink" xmlns:gml="http://www.opengis.net/gml" xmlns:xsi="http://www.w3.org/2001/XMLSchema-instance" version="1.1.0" xsi:schemaLocation="http://www.opengis.net/wfs http://localhost:8080/geoserver/schemas/wfs/1.1.0/wfs.xsd"><wfs:TransactionSummary><wfs:totalInserted>0</wfs:totalInserted><wfs:totalUpdated>0</wfs:totalUpdated><wfs:totalDeleted>1</wfs:totalDeleted></wfs:TransactionSummary><wfs:TransactionResults/><wfs:InsertResults><wfs:Feature><ogc:FeatureId fid="none"/></wfs:Feature></wfs:InsertResults></wfs:TransactionResponse>
* Closing connection #0
